2024-08-21T08:19:54.400-06:00  INFO 17612 --- [xmpp] [restartedMain] com.xmpp.demo.XmppApplication            : Starting XmppApplication using Java 22.0.1 with PID 17612 (C:\Users\Kristopher\Documents\S8\Redes\Eclipse-Workspace\Redes-XMPP_Server\bin\main started by Kristopher in C:\Users\Kristopher\Documents\S8\Redes\Eclipse-Workspace\Redes-XMPP_Server)
2024-08-21T08:19:54.510-06:00  INFO 17612 --- [xmpp] [restartedMain] com.xmpp.demo.XmppApplication            : No active profile set, falling back to 1 default profile: "default"
2024-08-21T08:19:54.705-06:00  INFO 17612 --- [xmpp] [restartedMain] .e.DevToolsPropertyDefaultsPostProcessor : Devtools property defaults active! Set 'spring.devtools.add-properties' to 'false' to disable
2024-08-21T08:19:54.709-06:00  INFO 17612 --- [xmpp] [restartedMain] .e.DevToolsPropertyDefaultsPostProcessor : For additional web related logging consider setting the 'logging.level.web' property to 'DEBUG'
2024-08-21T08:19:58.928-06:00  INFO 17612 --- [xmpp] [restartedMain] o.s.b.w.embedded.tomcat.TomcatWebServer  : Tomcat initialized with port 8080 (http)
2024-08-21T08:19:58.990-06:00  INFO 17612 --- [xmpp] [restartedMain] o.apache.catalina.core.StandardService   : Starting service [Tomcat]
2024-08-21T08:19:59.001-06:00  INFO 17612 --- [xmpp] [restartedMain] o.apache.catalina.core.StandardEngine    : Starting Servlet engine: [Apache Tomcat/10.1.26]
2024-08-21T08:19:59.156-06:00  INFO 17612 --- [xmpp] [restartedMain] o.a.c.c.C.[Tomcat].[localhost].[/]       : Initializing Spring embedded WebApplicationContext
2024-08-21T08:19:59.157-06:00  INFO 17612 --- [xmpp] [restartedMain] w.s.c.ServletWebServerApplicationContext : Root WebApplicationContext: initialization completed in 4434 ms
2024-08-21T08:20:00.734-06:00  INFO 17612 --- [xmpp] [restartedMain] o.s.b.d.a.OptionalLiveReloadServer       : LiveReload server is running on port 35729
2024-08-21T08:20:00.858-06:00  INFO 17612 --- [xmpp] [restartedMain] o.s.b.w.embedded.tomcat.TomcatWebServer  : Tomcat started on port 8080 (http) with context path '/'
2024-08-21T08:20:00.929-06:00  INFO 17612 --- [xmpp] [restartedMain] com.xmpp.demo.XmppApplication            : Started XmppApplication in 7.896 seconds (process running for 9.232)
2024-08-21T08:20:54.748-06:00  INFO 17612 --- [xmpp] [http-nio-8080-exec-3] o.a.c.c.C.[Tomcat].[localhost].[/]       : Initializing Spring DispatcherServlet 'dispatcherServlet'
2024-08-21T08:20:54.750-06:00  INFO 17612 --- [xmpp] [http-nio-8080-exec-3] o.s.web.servlet.DispatcherServlet        : Initializing Servlet 'dispatcherServlet'
2024-08-21T08:20:54.752-06:00  INFO 17612 --- [xmpp] [http-nio-8080-exec-3] o.s.web.servlet.DispatcherServlet        : Completed initialization in 2 ms
2024-08-21T08:20:54.871-06:00  INFO 17612 --- [xmpp] [http-nio-8080-exec-3] c.xmpp.demo.controller.XMPPController    : Username: alv21188-test3
2024-08-21T08:20:54.874-06:00  INFO 17612 --- [xmpp] [http-nio-8080-exec-3] c.xmpp.demo.controller.XMPPController    : Password: 31dic2002
2024-08-21T08:20:57.580-06:00  INFO 17612 --- [xmpp] [http-nio-8080-exec-3] c.xmpp.demo.controller.XMPPController    : Connection stored in session: XMPPTCPConnection[alv21188-test3@alumchat.lol/14617a2d-dfb5-4f19-9fc7-217f393a2c35] (0)
2024-08-21T08:20:57.590-06:00  INFO 17612 --- [xmpp] [http-nio-8080-exec-3] c.xmpp.demo.controller.XMPPController    : ChatManager initialized for connection: XMPPTCPConnection[alv21188-test3@alumchat.lol/14617a2d-dfb5-4f19-9fc7-217f393a2c35] (0)
2024-08-21T08:20:57.593-06:00  INFO 17612 --- [xmpp] [http-nio-8080-exec-3] c.xmpp.demo.controller.XMPPController    : Incoming message listener added to ChatManager
2024-08-21T08:21:00.427-06:00  INFO 17612 --- [xmpp] [http-nio-8080-exec-2] c.xmpp.demo.controller.XMPPController    : Este es: alv21188-test3@alumchat.lol
2024-08-21T08:21:00.443-06:00  INFO 17612 --- [xmpp] [http-nio-8080-exec-2] c.xmpp.demo.controller.XMPPController    : Retrieving messages for user: alv21188-test3@alumchat.lol
2024-08-21T08:21:00.444-06:00  WARN 17612 --- [xmpp] [http-nio-8080-exec-2] c.xmpp.demo.controller.XMPPController    : No messages found for user: alv21188-test3@alumchat.lol
2024-08-21T08:26:43.134-06:00  INFO 17612 --- [xmpp] [http-nio-8080-exec-10] c.xmpp.demo.controller.XMPPController    : Username: alv21188-test3
2024-08-21T08:26:43.136-06:00  INFO 17612 --- [xmpp] [http-nio-8080-exec-10] c.xmpp.demo.controller.XMPPController    : Password: 31dic2002
2024-08-21T08:26:43.635-06:00  INFO 17612 --- [xmpp] [http-nio-8080-exec-10] c.xmpp.demo.controller.XMPPController    : Connection stored in session: XMPPTCPConnection[alv21188-test3@alumchat.lol/361865dd-30f9-4413-8a00-3f878c1f6359] (1)
2024-08-21T08:26:43.637-06:00  INFO 17612 --- [xmpp] [http-nio-8080-exec-10] c.xmpp.demo.controller.XMPPController    : ChatManager initialized for connection: XMPPTCPConnection[alv21188-test3@alumchat.lol/361865dd-30f9-4413-8a00-3f878c1f6359] (1)
2024-08-21T08:26:43.638-06:00  INFO 17612 --- [xmpp] [http-nio-8080-exec-10] c.xmpp.demo.controller.XMPPController    : Incoming message listener added to ChatManager
2024-08-21T08:26:50.762-06:00  INFO 17612 --- [xmpp] [http-nio-8080-exec-1] c.xmpp.demo.controller.XMPPController    : Este es: alv21188-test3@alumchat.lol
2024-08-21T08:26:50.773-06:00  INFO 17612 --- [xmpp] [http-nio-8080-exec-1] c.xmpp.demo.controller.XMPPController    : Retrieving messages for user: alv21188-test3@alumchat.lol
2024-08-21T08:26:50.774-06:00  WARN 17612 --- [xmpp] [http-nio-8080-exec-1] c.xmpp.demo.controller.XMPPController    : No messages found for user: alv21188-test3@alumchat.lol
2024-08-21T08:27:25.017-06:00  INFO 17612 --- [xmpp] [http-nio-8080-exec-3] c.xmpp.demo.controller.XMPPController    : Received disconnect request for user: alv21188-test3@alumchat.lol
2024-08-21T08:27:25.025-06:00  INFO 17612 --- [xmpp] [http-nio-8080-exec-3] c.xmpp.demo.controller.XMPPController    : Connection: XMPPTCPConnection[alv21188-test3@alumchat.lol/361865dd-30f9-4413-8a00-3f878c1f6359] (1)
2024-08-21T08:27:25.030-06:00  INFO 17612 --- [xmpp] [http-nio-8080-exec-3] c.xmpp.demo.controller.XMPPController    : Connection found for user: alv21188-test3@alumchat.lol
2024-08-21T08:27:25.246-06:00  INFO 17612 --- [xmpp] [http-nio-8080-exec-3] c.xmpp.demo.controller.XMPPController    : User alv21188-test3@alumchat.lol disconnected successfully
2024-08-21T08:27:29.589-06:00  INFO 17612 --- [xmpp] [http-nio-8080-exec-2] c.xmpp.demo.controller.XMPPController    : Username: alv21188-test3
2024-08-21T08:27:29.589-06:00  INFO 17612 --- [xmpp] [http-nio-8080-exec-2] c.xmpp.demo.controller.XMPPController    : Password: 31dic2002
2024-08-21T08:27:30.057-06:00  INFO 17612 --- [xmpp] [http-nio-8080-exec-2] c.xmpp.demo.controller.XMPPController    : Connection stored in session: XMPPTCPConnection[alv21188-test3@alumchat.lol/db9f674a-e8ff-4432-a7e2-6529f1796bf6] (2)
2024-08-21T08:27:30.062-06:00  INFO 17612 --- [xmpp] [http-nio-8080-exec-2] c.xmpp.demo.controller.XMPPController    : ChatManager initialized for connection: XMPPTCPConnection[alv21188-test3@alumchat.lol/db9f674a-e8ff-4432-a7e2-6529f1796bf6] (2)
2024-08-21T08:27:30.065-06:00  INFO 17612 --- [xmpp] [http-nio-8080-exec-2] c.xmpp.demo.controller.XMPPController    : Incoming message listener added to ChatManager
2024-08-21T08:27:32.703-06:00  INFO 17612 --- [xmpp] [http-nio-8080-exec-4] c.xmpp.demo.controller.XMPPController    : Este es: alv21188-test3@alumchat.lol
2024-08-21T08:27:32.715-06:00  INFO 17612 --- [xmpp] [http-nio-8080-exec-4] c.xmpp.demo.controller.XMPPController    : Retrieving messages for user: alv21188-test3@alumchat.lol
2024-08-21T08:27:32.716-06:00  WARN 17612 --- [xmpp] [http-nio-8080-exec-4] c.xmpp.demo.controller.XMPPController    : No messages found for user: alv21188-test3@alumchat.lol
2024-08-21T08:49:05.996-06:00  INFO 17612 --- [xmpp] [http-nio-8080-exec-5] c.xmpp.demo.controller.XMPPController    : Este es: alv21188-test3@alumchat.lol
2024-08-21T08:49:05.999-06:00  INFO 17612 --- [xmpp] [http-nio-8080-exec-5] c.xmpp.demo.controller.XMPPController    : Retrieving messages for user: alv21188-test3@alumchat.lol
2024-08-21T08:49:06.000-06:00  WARN 17612 --- [xmpp] [http-nio-8080-exec-5] c.xmpp.demo.controller.XMPPController    : No messages found for user: alv21188-test3@alumchat.lol
2024-08-21T09:08:11.572-06:00  INFO 17612 --- [xmpp] [http-nio-8080-exec-7] c.x.demo.controller.ContactController    : Getting contacts for: alv21188-test3@alumchat.lol
2024-08-21T09:08:37.428-06:00  INFO 17612 --- [xmpp] [http-nio-8080-exec-8] c.x.demo.controller.ContactController    : Getting contacts for: alv21188-test3@alumchat.lol
2024-08-21T09:08:48.222-06:00  INFO 17612 --- [xmpp] [http-nio-8080-exec-9] c.x.demo.controller.ContactController    : Getting contacts for: alv21188-test3@alumchat.lol
2024-08-21T09:13:14.814-06:00  INFO 17612 --- [xmpp] [http-nio-8080-exec-2] c.x.demo.controller.ContactController    : Getting contacts for: alv21188-test3@alumchat.lol
2024-08-21T09:13:38.574-06:00  INFO 17612 --- [xmpp] [http-nio-8080-exec-4] c.x.demo.controller.ContactController    : Getting contacts for: alv21188-test3@alumchat.lol
2024-08-21T09:13:41.770-06:00  INFO 17612 --- [xmpp] [http-nio-8080-exec-5] c.x.demo.controller.ContactController    : Getting contacts for: alv21188-test3@alumchat.lol
2024-08-21T09:16:28.994-06:00  INFO 17612 --- [xmpp] [http-nio-8080-exec-7] c.x.demo.controller.ContactController    : Getting contacts for: alv21188-test3@alumchat.lol
2024-08-21T09:16:31.044-06:00  INFO 17612 --- [xmpp] [http-nio-8080-exec-8] c.x.demo.controller.ContactController    : Getting contacts for: alv21188-test3@alumchat.lol
2024-08-21T09:37:40.698-06:00  INFO 17612 --- [xmpp] [http-nio-8080-exec-10] c.x.demo.controller.ContactController    : Getting contacts for: alv21188-test3@alumchat.lol
2024-08-21T09:41:55.480-06:00  INFO 17612 --- [xmpp] [http-nio-8080-exec-4] c.x.demo.controller.ContactController    : Getting contacts for: alv21188-test3@alumchat.lol
2024-08-21T09:42:19.259-06:00  INFO 17612 --- [xmpp] [http-nio-8080-exec-5] c.x.demo.controller.ContactController    : Getting contacts for: alv21188-test3@alumchat.lol
2024-08-21T09:42:28.950-06:00  INFO 17612 --- [xmpp] [http-nio-8080-exec-6] c.x.demo.controller.ContactController    : Getting contacts for: alv21188-test3@alumchat.lol
2024-08-21T09:43:57.925-06:00  INFO 17612 --- [xmpp] [http-nio-8080-exec-9] c.x.demo.controller.ContactController    : Getting contacts for: alv21188-test3@alumchat.lol
2024-08-21T09:45:14.003-06:00  INFO 17612 --- [xmpp] [http-nio-8080-exec-4] c.x.demo.controller.ContactController    : Getting contacts for: alv21188-test3@alumchat.lol
2024-08-21T09:45:26.198-06:00  INFO 17612 --- [xmpp] [http-nio-8080-exec-5] c.x.demo.controller.ContactController    : Getting contacts for: alv21188-test3@alumchat.lol
2024-08-21T09:45:31.609-06:00  INFO 17612 --- [xmpp] [http-nio-8080-exec-6] c.x.demo.controller.ContactController    : Getting contacts for: alv21188-test3@alumchat.lol
2024-08-21T09:45:33.889-06:00  INFO 17612 --- [xmpp] [http-nio-8080-exec-7] c.x.demo.controller.ContactController    : Getting contacts for: alv21188-test3@alumchat.lol
2024-08-21T09:45:42.995-06:00  INFO 17612 --- [xmpp] [http-nio-8080-exec-8] c.x.demo.controller.ContactController    : Getting contacts for: alv21188-test3@alumchat.lol
2024-08-21T09:46:11.356-06:00  INFO 17612 --- [xmpp] [http-nio-8080-exec-1] c.xmpp.demo.controller.XMPPController    : Username: alv21188-test3
2024-08-21T09:46:11.357-06:00  INFO 17612 --- [xmpp] [http-nio-8080-exec-1] c.xmpp.demo.controller.XMPPController    : Password: 31dic2002
2024-08-21T09:46:11.958-06:00  INFO 17612 --- [xmpp] [http-nio-8080-exec-1] c.xmpp.demo.controller.XMPPController    : Connection stored in session: XMPPTCPConnection[alv21188-test3@alumchat.lol/12a12ef6-f4a4-4520-a881-3f60a157dd22] (3)
2024-08-21T09:46:11.960-06:00  INFO 17612 --- [xmpp] [http-nio-8080-exec-1] c.xmpp.demo.controller.XMPPController    : ChatManager initialized for connection: XMPPTCPConnection[alv21188-test3@alumchat.lol/12a12ef6-f4a4-4520-a881-3f60a157dd22] (3)
2024-08-21T09:46:11.961-06:00  INFO 17612 --- [xmpp] [http-nio-8080-exec-1] c.xmpp.demo.controller.XMPPController    : Incoming message listener added to ChatManager
2024-08-21T09:46:13.149-06:00  INFO 17612 --- [xmpp] [http-nio-8080-exec-3] c.x.demo.controller.ContactController    : Getting contacts for: alv21188-test3@alumchat.lol
2024-08-21T09:46:25.877-06:00  INFO 17612 --- [xmpp] [http-nio-8080-exec-2] c.xmpp.demo.controller.XMPPController    : Este es: alv21188-test3@alumchat.lol
2024-08-21T09:46:25.880-06:00  INFO 17612 --- [xmpp] [http-nio-8080-exec-2] c.xmpp.demo.controller.XMPPController    : Retrieving messages for user: alv21188-test3@alumchat.lol
2024-08-21T09:46:25.881-06:00  WARN 17612 --- [xmpp] [http-nio-8080-exec-2] c.xmpp.demo.controller.XMPPController    : No messages found for user: alv21188-test3@alumchat.lol
2024-08-21T09:46:28.111-06:00  INFO 17612 --- [xmpp] [http-nio-8080-exec-4] c.xmpp.demo.controller.XMPPController    : Este es: alv21188-test3@alumchat.lol
2024-08-21T09:46:28.112-06:00  INFO 17612 --- [xmpp] [http-nio-8080-exec-4] c.xmpp.demo.controller.XMPPController    : Retrieving messages for user: alv21188-test3@alumchat.lol
2024-08-21T09:46:28.113-06:00  WARN 17612 --- [xmpp] [http-nio-8080-exec-4] c.xmpp.demo.controller.XMPPController    : No messages found for user: alv21188-test3@alumchat.lol
2024-08-21T09:46:30.483-06:00  INFO 17612 --- [xmpp] [http-nio-8080-exec-5] c.x.demo.controller.ContactController    : Getting contacts for: alv21188-test3@alumchat.lol
2024-08-21T09:56:08.930-06:00  INFO 17612 --- [xmpp] [http-nio-8080-exec-1] c.x.demo.controller.ContactController    : Getting contacts for: alv21188-test3@alumchat.lol
2024-08-21T09:56:59.268-06:00  INFO 17612 --- [xmpp] [http-nio-8080-exec-3] c.x.demo.controller.ContactController    : Getting contacts for: alv21188-test3@alumchat.lol
2024-08-21T09:58:55.905-06:00  INFO 17612 --- [xmpp] [http-nio-8080-exec-6] c.x.demo.controller.ContactController    : Getting contacts for: alv21188-test3@alumchat.lol
2024-08-21T09:59:59.265-06:00  INFO 17612 --- [xmpp] [http-nio-8080-exec-9] c.x.demo.controller.ContactController    : Getting contacts for: alv21188-test3@alumchat.lol
2024-08-21T10:03:31.191-06:00  INFO 17612 --- [xmpp] [http-nio-8080-exec-5] c.x.demo.controller.ContactController    : Getting contacts for: alv21188-test3@alumchat.lol
2024-08-21T10:09:13.527-06:00  INFO 17612 --- [xmpp] [http-nio-8080-exec-8] c.xmpp.demo.controller.XMPPController    : Username: alv21188-test3
2024-08-21T10:09:13.535-06:00  INFO 17612 --- [xmpp] [http-nio-8080-exec-8] c.xmpp.demo.controller.XMPPController    : Password: 31dic2002
2024-08-21T10:09:14.014-06:00  INFO 17612 --- [xmpp] [http-nio-8080-exec-8] c.xmpp.demo.controller.XMPPController    : Connection stored in session: XMPPTCPConnection[alv21188-test3@alumchat.lol/25d7bf95-3cf6-430b-a5de-462ab9b573ef] (4)
2024-08-21T10:09:14.015-06:00  INFO 17612 --- [xmpp] [http-nio-8080-exec-8] c.xmpp.demo.controller.XMPPController    : ChatManager initialized for connection: XMPPTCPConnection[alv21188-test3@alumchat.lol/25d7bf95-3cf6-430b-a5de-462ab9b573ef] (4)
2024-08-21T10:09:14.016-06:00  INFO 17612 --- [xmpp] [http-nio-8080-exec-8] c.xmpp.demo.controller.XMPPController    : Incoming message listener added to ChatManager
2024-08-21T10:09:19.796-06:00  INFO 17612 --- [xmpp] [http-nio-8080-exec-9] c.x.demo.controller.ContactController    : Getting contacts for: alv21188-test3@alumchat.lol
2024-08-21T10:09:23.376-06:00  INFO 17612 --- [xmpp] [http-nio-8080-exec-10] c.xmpp.demo.controller.XMPPController    : Este es: alv21188-test3@alumchat.lol
2024-08-21T10:09:23.393-06:00  INFO 17612 --- [xmpp] [http-nio-8080-exec-10] c.xmpp.demo.controller.XMPPController    : Retrieving messages for user: alv21188-test3@alumchat.lol
2024-08-21T10:09:23.394-06:00  WARN 17612 --- [xmpp] [http-nio-8080-exec-10] c.xmpp.demo.controller.XMPPController    : No messages found for user: alv21188-test3@alumchat.lol
2024-08-21T10:09:27.860-06:00  INFO 17612 --- [xmpp] [http-nio-8080-exec-1] c.x.demo.controller.ContactController    : Getting contacts for: alv21188-test3@alumchat.lol
2024-08-21T10:09:34.586-06:00  INFO 17612 --- [xmpp] [http-nio-8080-exec-3] c.x.demo.controller.ContactController    : Getting contacts for: alv21188-test3@alumchat.lol
2024-08-21T10:10:19.960-06:00  INFO 17612 --- [xmpp] [http-nio-8080-exec-2] c.x.demo.controller.ContactController    : Getting contacts for: alv21188-test3@alumchat.lol
2024-08-21T10:10:22.596-06:00  INFO 17612 --- [xmpp] [http-nio-8080-exec-4] c.xmpp.demo.controller.XMPPController    : Este es: alv21188-test3@alumchat.lol
2024-08-21T10:10:22.608-06:00  INFO 17612 --- [xmpp] [http-nio-8080-exec-4] c.xmpp.demo.controller.XMPPController    : Retrieving messages for user: alv21188-test3@alumchat.lol
2024-08-21T10:10:22.610-06:00  WARN 17612 --- [xmpp] [http-nio-8080-exec-4] c.xmpp.demo.controller.XMPPController    : No messages found for user: alv21188-test3@alumchat.lol
2024-08-21T10:10:23.613-06:00  INFO 17612 --- [xmpp] [http-nio-8080-exec-5] c.x.demo.controller.ContactController    : Getting contacts for: alv21188-test3@alumchat.lol
2024-08-21T10:10:26.020-06:00  INFO 17612 --- [xmpp] [http-nio-8080-exec-6] c.xmpp.demo.controller.XMPPController    : Este es: alv21188-test3@alumchat.lol
2024-08-21T10:10:26.027-06:00  INFO 17612 --- [xmpp] [http-nio-8080-exec-6] c.xmpp.demo.controller.XMPPController    : Retrieving messages for user: alv21188-test3@alumchat.lol
2024-08-21T10:10:26.029-06:00  WARN 17612 --- [xmpp] [http-nio-8080-exec-6] c.xmpp.demo.controller.XMPPController    : No messages found for user: alv21188-test3@alumchat.lol
2024-08-21T10:11:24.500-06:00  INFO 17612 --- [xmpp] [http-nio-8080-exec-7] c.xmpp.demo.controller.XMPPController    : Received disconnect request for user: alv21188-test3@alumchat.lol
2024-08-21T10:11:24.502-06:00  INFO 17612 --- [xmpp] [http-nio-8080-exec-7] c.xmpp.demo.controller.XMPPController    : Connection: XMPPTCPConnection[alv21188-test3@alumchat.lol/25d7bf95-3cf6-430b-a5de-462ab9b573ef] (4)
2024-08-21T10:11:24.503-06:00  INFO 17612 --- [xmpp] [http-nio-8080-exec-7] c.xmpp.demo.controller.XMPPController    : Connection found for user: alv21188-test3@alumchat.lol
2024-08-21T10:11:24.571-06:00  INFO 17612 --- [xmpp] [http-nio-8080-exec-7] c.xmpp.demo.controller.XMPPController    : User alv21188-test3@alumchat.lol disconnected successfully
2024-08-21T10:11:26.682-06:00  INFO 17612 --- [xmpp] [http-nio-8080-exec-8] c.xmpp.demo.controller.XMPPController    : Username: alv21188-test2
2024-08-21T10:11:26.682-06:00  INFO 17612 --- [xmpp] [http-nio-8080-exec-8] c.xmpp.demo.controller.XMPPController    : Password: 31dic2002
2024-08-21T10:11:27.177-06:00  INFO 17612 --- [xmpp] [http-nio-8080-exec-8] c.xmpp.demo.controller.XMPPController    : Connection stored in session: XMPPTCPConnection[alv21188-test2@alumchat.lol/1cf1f060-e7f4-4080-8a9e-34393566388f] (5)
2024-08-21T10:11:27.178-06:00  INFO 17612 --- [xmpp] [http-nio-8080-exec-8] c.xmpp.demo.controller.XMPPController    : ChatManager initialized for connection: XMPPTCPConnection[alv21188-test2@alumchat.lol/1cf1f060-e7f4-4080-8a9e-34393566388f] (5)
2024-08-21T10:11:27.179-06:00  INFO 17612 --- [xmpp] [http-nio-8080-exec-8] c.xmpp.demo.controller.XMPPController    : Incoming message listener added to ChatManager
2024-08-21T10:11:27.189-06:00  INFO 17612 --- [xmpp] [http-nio-8080-exec-9] c.xmpp.demo.controller.XMPPController    : Received disconnect request for user: alv21188-test2@alumchat.lol
2024-08-21T10:11:27.207-06:00  INFO 17612 --- [xmpp] [http-nio-8080-exec-9] c.xmpp.demo.controller.XMPPController    : Connection: XMPPTCPConnection[alv21188-test2@alumchat.lol/1cf1f060-e7f4-4080-8a9e-34393566388f] (5)
2024-08-21T10:11:27.210-06:00  INFO 17612 --- [xmpp] [http-nio-8080-exec-9] c.xmpp.demo.controller.XMPPController    : Connection found for user: alv21188-test2@alumchat.lol
2024-08-21T10:11:27.322-06:00  INFO 17612 --- [xmpp] [http-nio-8080-exec-9] c.xmpp.demo.controller.XMPPController    : User alv21188-test2@alumchat.lol disconnected successfully
2024-08-21T10:11:32.291-06:00  INFO 17612 --- [xmpp] [http-nio-8080-exec-10] c.xmpp.demo.controller.XMPPController    : Username: alv21188-test2
2024-08-21T10:11:32.292-06:00  INFO 17612 --- [xmpp] [http-nio-8080-exec-10] c.xmpp.demo.controller.XMPPController    : Password: 31dic2002
2024-08-21T10:11:32.876-06:00  INFO 17612 --- [xmpp] [http-nio-8080-exec-10] c.xmpp.demo.controller.XMPPController    : Connection stored in session: XMPPTCPConnection[alv21188-test2@alumchat.lol/d6f8a204-193e-4bca-a6c0-f7d2f191b674] (6)
2024-08-21T10:11:32.877-06:00  INFO 17612 --- [xmpp] [http-nio-8080-exec-10] c.xmpp.demo.controller.XMPPController    : ChatManager initialized for connection: XMPPTCPConnection[alv21188-test2@alumchat.lol/d6f8a204-193e-4bca-a6c0-f7d2f191b674] (6)
2024-08-21T10:11:32.878-06:00  INFO 17612 --- [xmpp] [http-nio-8080-exec-10] c.xmpp.demo.controller.XMPPController    : Incoming message listener added to ChatManager
2024-08-21T10:11:34.403-06:00  INFO 17612 --- [xmpp] [http-nio-8080-exec-1] c.x.demo.controller.ContactController    : Getting contacts for: alv21188-test2@alumchat.lol
2024-08-21T10:11:36.012-06:00  INFO 17612 --- [xmpp] [http-nio-8080-exec-3] c.xmpp.demo.controller.XMPPController    : Este es: alv21188-test2@alumchat.lol
2024-08-21T10:11:36.016-06:00  INFO 17612 --- [xmpp] [http-nio-8080-exec-3] c.xmpp.demo.controller.XMPPController    : Retrieving messages for user: alv21188-test2@alumchat.lol
2024-08-21T10:11:36.018-06:00  WARN 17612 --- [xmpp] [http-nio-8080-exec-3] c.xmpp.demo.controller.XMPPController    : No messages found for user: alv21188-test2@alumchat.lol
2024-08-21T10:11:43.164-06:00  INFO 17612 --- [xmpp] [Smack Cached Executor] c.xmpp.demo.controller.XMPPController    : Received message from alv21188-test@alumchat.lol: Hola. To: alv21188-test2@alumchat.lol
2024-08-21T10:11:46.187-06:00  INFO 17612 --- [xmpp] [http-nio-8080-exec-2] c.xmpp.demo.controller.XMPPController    : Este es: alv21188-test2@alumchat.lol
2024-08-21T10:11:46.188-06:00  INFO 17612 --- [xmpp] [http-nio-8080-exec-2] c.xmpp.demo.controller.XMPPController    : Retrieving messages for user: alv21188-test2@alumchat.lol
2024-08-21T10:11:46.189-06:00  INFO 17612 --- [xmpp] [http-nio-8080-exec-2] c.xmpp.demo.controller.XMPPController    : Messages for user alv21188-test2@alumchat.lol: [com.xmpp.demo.controller.MessageXMPP@44a04eea]
2024-08-21T10:11:48.440-06:00  INFO 17612 --- [xmpp] [http-nio-8080-exec-4] c.xmpp.demo.controller.XMPPController    : Este es: alv21188-test2@alumchat.lol
2024-08-21T10:11:48.445-06:00  INFO 17612 --- [xmpp] [http-nio-8080-exec-4] c.xmpp.demo.controller.XMPPController    : Retrieving messages for user: alv21188-test2@alumchat.lol
2024-08-21T10:11:48.446-06:00  INFO 17612 --- [xmpp] [http-nio-8080-exec-4] c.xmpp.demo.controller.XMPPController    : Messages for user alv21188-test2@alumchat.lol: [com.xmpp.demo.controller.MessageXMPP@44a04eea]
2024-08-21T10:11:48.451-06:00  INFO 17612 --- [xmpp] [http-nio-8080-exec-4] c.xmpp.demo.controller.XMPPController    : MyMessages: []
2024-08-21T10:14:11.295-06:00  INFO 17612 --- [xmpp] [http-nio-8080-exec-1] c.x.demo.controller.ContactController    : Getting contacts for: alv21188-test2@alumchat.lol
2024-08-21T10:14:27.173-06:00  INFO 17612 --- [xmpp] [http-nio-8080-exec-3] c.x.demo.controller.ContactController    : Getting contacts for: alv21188-test2@alumchat.lol
2024-08-21T10:20:22.295-06:00  INFO 17612 --- [xmpp] [http-nio-8080-exec-6] c.x.demo.controller.ContactController    : Getting contacts for: alv21188-test2@alumchat.lol
2024-08-21T10:20:32.317-06:00  INFO 17612 --- [xmpp] [http-nio-8080-exec-7] c.xmpp.demo.controller.XMPPController    : Username: alv21188-test2
2024-08-21T10:20:32.318-06:00  INFO 17612 --- [xmpp] [http-nio-8080-exec-7] c.xmpp.demo.controller.XMPPController    : Password: 31dic2002
2024-08-21T10:20:32.799-06:00  INFO 17612 --- [xmpp] [http-nio-8080-exec-7] c.xmpp.demo.controller.XMPPController    : Connection stored in session: XMPPTCPConnection[alv21188-test2@alumchat.lol/19061127-080f-427f-ba19-e575e6234de4] (7)
2024-08-21T10:20:32.801-06:00  INFO 17612 --- [xmpp] [http-nio-8080-exec-7] c.xmpp.demo.controller.XMPPController    : ChatManager initialized for connection: XMPPTCPConnection[alv21188-test2@alumchat.lol/19061127-080f-427f-ba19-e575e6234de4] (7)
2024-08-21T10:20:32.801-06:00  INFO 17612 --- [xmpp] [http-nio-8080-exec-7] c.xmpp.demo.controller.XMPPController    : Incoming message listener added to ChatManager
2024-08-21T10:20:35.380-06:00  INFO 17612 --- [xmpp] [http-nio-8080-exec-8] c.xmpp.demo.controller.XMPPController    : Este es: alv21188-test2@alumchat.lol
2024-08-21T10:20:35.414-06:00  INFO 17612 --- [xmpp] [http-nio-8080-exec-8] c.xmpp.demo.controller.XMPPController    : Retrieving messages for user: alv21188-test2@alumchat.lol
2024-08-21T10:20:35.421-06:00  INFO 17612 --- [xmpp] [http-nio-8080-exec-8] c.xmpp.demo.controller.XMPPController    : Messages for user alv21188-test2@alumchat.lol: [com.xmpp.demo.controller.MessageXMPP@44a04eea]
2024-08-21T10:20:40.022-06:00  INFO 17612 --- [xmpp] [http-nio-8080-exec-9] c.x.demo.controller.ContactController    : Getting contacts for: alv21188-test2@alumchat.lol
2024-08-21T10:20:46.039-06:00  INFO 17612 --- [xmpp] [http-nio-8080-exec-10] c.xmpp.demo.controller.XMPPController    : Este es: alv21188-test2@alumchat.lol
2024-08-21T10:20:46.041-06:00  INFO 17612 --- [xmpp] [http-nio-8080-exec-10] c.xmpp.demo.controller.XMPPController    : Retrieving messages for user: alv21188-test2@alumchat.lol
2024-08-21T10:20:46.043-06:00  INFO 17612 --- [xmpp] [http-nio-8080-exec-10] c.xmpp.demo.controller.XMPPController    : Messages for user alv21188-test2@alumchat.lol: [com.xmpp.demo.controller.MessageXMPP@44a04eea]
2024-08-21T10:20:46.044-06:00  INFO 17612 --- [xmpp] [http-nio-8080-exec-10] c.xmpp.demo.controller.XMPPController    : MyMessages: []
2024-08-21T10:20:55.193-06:00  INFO 17612 --- [xmpp] [http-nio-8080-exec-1] c.xmpp.demo.controller.XMPPController    : Message sent from alv21188-test2@alumchat.lol to alv21188-gajim@alumchat.lol: Hola
2024-08-21T10:21:15.483-06:00  INFO 17612 --- [xmpp] [http-nio-8080-exec-3] c.xmpp.demo.controller.XMPPController    : Este es: alv21188-test2@alumchat.lol
2024-08-21T10:21:15.483-06:00  INFO 17612 --- [xmpp] [http-nio-8080-exec-3] c.xmpp.demo.controller.XMPPController    : Retrieving messages for user: alv21188-test2@alumchat.lol
2024-08-21T10:21:15.484-06:00  INFO 17612 --- [xmpp] [http-nio-8080-exec-3] c.xmpp.demo.controller.XMPPController    : Messages for user alv21188-test2@alumchat.lol: [com.xmpp.demo.controller.MessageXMPP@44a04eea, com.xmpp.demo.controller.MessageXMPP@19de1a8b]
2024-08-21T10:21:27.193-06:00  INFO 17612 --- [xmpp] [Smack Cached Executor] c.xmpp.demo.controller.XMPPController    : Received message from alv21188-gajim@alumchat.lol: Q tal. To: alv21188-test2@alumchat.lol
2024-08-21T10:21:29.034-06:00  INFO 17612 --- [xmpp] [http-nio-8080-exec-2] c.xmpp.demo.controller.XMPPController    : Este es: alv21188-test2@alumchat.lol
2024-08-21T10:21:29.034-06:00  INFO 17612 --- [xmpp] [http-nio-8080-exec-2] c.xmpp.demo.controller.XMPPController    : Retrieving messages for user: alv21188-test2@alumchat.lol
2024-08-21T10:21:29.035-06:00  INFO 17612 --- [xmpp] [http-nio-8080-exec-2] c.xmpp.demo.controller.XMPPController    : Messages for user alv21188-test2@alumchat.lol: [com.xmpp.demo.controller.MessageXMPP@44a04eea, com.xmpp.demo.controller.MessageXMPP@19de1a8b, com.xmpp.demo.controller.MessageXMPP@4dcaf77c]
2024-08-21T10:21:34.957-06:00  INFO 17612 --- [xmpp] [http-nio-8080-exec-4] c.x.demo.controller.ContactController    : Getting contacts for: alv21188-test2@alumchat.lol
2024-08-21T10:21:35.799-06:00  INFO 17612 --- [xmpp] [http-nio-8080-exec-5] c.xmpp.demo.controller.XMPPController    : Este es: alv21188-test2@alumchat.lol
2024-08-21T10:21:35.810-06:00  INFO 17612 --- [xmpp] [http-nio-8080-exec-5] c.xmpp.demo.controller.XMPPController    : Retrieving messages for user: alv21188-test2@alumchat.lol
2024-08-21T10:21:35.813-06:00  INFO 17612 --- [xmpp] [http-nio-8080-exec-5] c.xmpp.demo.controller.XMPPController    : Messages for user alv21188-test2@alumchat.lol: [com.xmpp.demo.controller.MessageXMPP@44a04eea, com.xmpp.demo.controller.MessageXMPP@19de1a8b, com.xmpp.demo.controller.MessageXMPP@4dcaf77c]
2024-08-21T10:21:36.475-06:00  INFO 17612 --- [xmpp] [http-nio-8080-exec-6] c.xmpp.demo.controller.XMPPController    : Este es: alv21188-test2@alumchat.lol
2024-08-21T10:21:36.475-06:00  INFO 17612 --- [xmpp] [http-nio-8080-exec-6] c.xmpp.demo.controller.XMPPController    : Retrieving messages for user: alv21188-test2@alumchat.lol
2024-08-21T10:21:36.476-06:00  INFO 17612 --- [xmpp] [http-nio-8080-exec-6] c.xmpp.demo.controller.XMPPController    : Messages for user alv21188-test2@alumchat.lol: [com.xmpp.demo.controller.MessageXMPP@44a04eea, com.xmpp.demo.controller.MessageXMPP@19de1a8b, com.xmpp.demo.controller.MessageXMPP@4dcaf77c]
2024-08-21T10:21:36.477-06:00  INFO 17612 --- [xmpp] [http-nio-8080-exec-6] c.xmpp.demo.controller.XMPPController    : MyMessages: [com.xmpp.demo.controller.MessageXMPP@19de1a8b]
2024-08-21T10:21:53.933-06:00  INFO 17612 --- [xmpp] [http-nio-8080-exec-7] c.xmpp.demo.controller.XMPPController    : Received disconnect request for user: alv21188-test2@alumchat.lol
2024-08-21T10:21:53.935-06:00  INFO 17612 --- [xmpp] [http-nio-8080-exec-7] c.xmpp.demo.controller.XMPPController    : Connection: XMPPTCPConnection[alv21188-test2@alumchat.lol/19061127-080f-427f-ba19-e575e6234de4] (7)
2024-08-21T10:21:53.936-06:00  INFO 17612 --- [xmpp] [http-nio-8080-exec-7] c.xmpp.demo.controller.XMPPController    : Connection found for user: alv21188-test2@alumchat.lol
2024-08-21T10:21:54.005-06:00  INFO 17612 --- [xmpp] [http-nio-8080-exec-7] c.xmpp.demo.controller.XMPPController    : User alv21188-test2@alumchat.lol disconnected successfully
2024-08-21T10:22:00.658-06:00  INFO 17612 --- [xmpp] [http-nio-8080-exec-8] c.xmpp.demo.controller.XMPPController    : Username: alv21188-test2
2024-08-21T10:22:00.660-06:00  INFO 17612 --- [xmpp] [http-nio-8080-exec-8] c.xmpp.demo.controller.XMPPController    : Password: 31dic2002
2024-08-21T10:22:01.136-06:00  INFO 17612 --- [xmpp] [http-nio-8080-exec-8] c.xmpp.demo.controller.XMPPController    : Connection stored in session: XMPPTCPConnection[alv21188-test2@alumchat.lol/517b2def-77e1-43d7-83c2-e260c6ac33c0] (8)
2024-08-21T10:22:01.141-06:00  INFO 17612 --- [xmpp] [http-nio-8080-exec-8] c.xmpp.demo.controller.XMPPController    : ChatManager initialized for connection: XMPPTCPConnection[alv21188-test2@alumchat.lol/517b2def-77e1-43d7-83c2-e260c6ac33c0] (8)
2024-08-21T10:22:01.141-06:00  INFO 17612 --- [xmpp] [http-nio-8080-exec-8] c.xmpp.demo.controller.XMPPController    : Incoming message listener added to ChatManager
2024-08-21T10:22:02.814-06:00  INFO 17612 --- [xmpp] [http-nio-8080-exec-9] c.x.demo.controller.ContactController    : Getting contacts for: alv21188-test2@alumchat.lol
2024-08-21T10:22:05.459-06:00  INFO 17612 --- [xmpp] [http-nio-8080-exec-10] c.xmpp.demo.controller.XMPPController    : Este es: alv21188-test2@alumchat.lol
2024-08-21T10:22:05.473-06:00  INFO 17612 --- [xmpp] [http-nio-8080-exec-10] c.xmpp.demo.controller.XMPPController    : Retrieving messages for user: alv21188-test2@alumchat.lol
2024-08-21T10:22:05.476-06:00  INFO 17612 --- [xmpp] [http-nio-8080-exec-10] c.xmpp.demo.controller.XMPPController    : Messages for user alv21188-test2@alumchat.lol: [com.xmpp.demo.controller.MessageXMPP@44a04eea, com.xmpp.demo.controller.MessageXMPP@19de1a8b, com.xmpp.demo.controller.MessageXMPP@4dcaf77c]
2024-08-21T10:22:07.986-06:00  INFO 17612 --- [xmpp] [http-nio-8080-exec-1] c.x.demo.controller.ContactController    : Getting contacts for: alv21188-test2@alumchat.lol
2024-08-21T10:22:18.369-06:00  INFO 17612 --- [xmpp] [http-nio-8080-exec-3] c.xmpp.demo.controller.XMPPController    : Este es: alv21188-test2@alumchat.lol
2024-08-21T10:22:18.370-06:00  INFO 17612 --- [xmpp] [http-nio-8080-exec-3] c.xmpp.demo.controller.XMPPController    : Retrieving messages for user: alv21188-test2@alumchat.lol
2024-08-21T10:22:18.371-06:00  INFO 17612 --- [xmpp] [http-nio-8080-exec-3] c.xmpp.demo.controller.XMPPController    : Messages for user alv21188-test2@alumchat.lol: [com.xmpp.demo.controller.MessageXMPP@44a04eea, com.xmpp.demo.controller.MessageXMPP@19de1a8b, com.xmpp.demo.controller.MessageXMPP@4dcaf77c]
2024-08-21T10:22:18.373-06:00  INFO 17612 --- [xmpp] [http-nio-8080-exec-3] c.xmpp.demo.controller.XMPPController    : MyMessages: []
2024-08-21T10:22:26.532-06:00  INFO 17612 --- [xmpp] [http-nio-8080-exec-2] c.xmpp.demo.controller.XMPPController    : Message sent from alv21188-test2@alumchat.lol to alv21188-test3@alumchat.lol: Ola
2024-08-21T10:22:26.598-06:00  INFO 17612 --- [xmpp] [Smack Cached Executor] c.xmpp.demo.controller.XMPPController    : Received message from alv21188-test2@alumchat.lol: Ola. To: alv21188-test3@alumchat.lol
2024-08-21T10:22:47.852-06:00  INFO 17612 --- [xmpp] [http-nio-8080-exec-4] c.xmpp.demo.controller.XMPPController    : Received disconnect request for user: alv21188-test2@alumchat.lol
2024-08-21T10:22:47.853-06:00  INFO 17612 --- [xmpp] [http-nio-8080-exec-4] c.xmpp.demo.controller.XMPPController    : Connection: XMPPTCPConnection[alv21188-test2@alumchat.lol/517b2def-77e1-43d7-83c2-e260c6ac33c0] (8)
2024-08-21T10:22:47.855-06:00  INFO 17612 --- [xmpp] [http-nio-8080-exec-4] c.xmpp.demo.controller.XMPPController    : Connection found for user: alv21188-test2@alumchat.lol
2024-08-21T10:22:47.922-06:00  INFO 17612 --- [xmpp] [http-nio-8080-exec-4] c.xmpp.demo.controller.XMPPController    : User alv21188-test2@alumchat.lol disconnected successfully
2024-08-21T10:22:54.971-06:00  INFO 17612 --- [xmpp] [http-nio-8080-exec-5] c.xmpp.demo.controller.XMPPController    : Username: alv21188-test3
2024-08-21T10:22:54.972-06:00  INFO 17612 --- [xmpp] [http-nio-8080-exec-5] c.xmpp.demo.controller.XMPPController    : Password: 31dic2002
2024-08-21T10:22:55.449-06:00  INFO 17612 --- [xmpp] [http-nio-8080-exec-5] c.xmpp.demo.controller.XMPPController    : Connection stored in session: XMPPTCPConnection[alv21188-test3@alumchat.lol/b8b125f7-5561-4cbd-8eeb-bf24f3c9e3e7] (9)
2024-08-21T10:22:55.451-06:00  INFO 17612 --- [xmpp] [http-nio-8080-exec-5] c.xmpp.demo.controller.XMPPController    : ChatManager initialized for connection: XMPPTCPConnection[alv21188-test3@alumchat.lol/b8b125f7-5561-4cbd-8eeb-bf24f3c9e3e7] (9)
2024-08-21T10:22:55.452-06:00  INFO 17612 --- [xmpp] [http-nio-8080-exec-5] c.xmpp.demo.controller.XMPPController    : Incoming message listener added to ChatManager
2024-08-21T10:22:56.675-06:00  INFO 17612 --- [xmpp] [http-nio-8080-exec-6] c.xmpp.demo.controller.XMPPController    : Este es: alv21188-test3@alumchat.lol
2024-08-21T10:22:56.677-06:00  INFO 17612 --- [xmpp] [http-nio-8080-exec-6] c.xmpp.demo.controller.XMPPController    : Retrieving messages for user: alv21188-test3@alumchat.lol
2024-08-21T10:22:56.679-06:00  INFO 17612 --- [xmpp] [http-nio-8080-exec-6] c.xmpp.demo.controller.XMPPController    : Messages for user alv21188-test3@alumchat.lol: [com.xmpp.demo.controller.MessageXMPP@6a0b105b, com.xmpp.demo.controller.MessageXMPP@5386fd3e]
2024-08-21T10:22:57.798-06:00  INFO 17612 --- [xmpp] [http-nio-8080-exec-7] c.xmpp.demo.controller.XMPPController    : Este es: alv21188-test3@alumchat.lol
2024-08-21T10:22:57.799-06:00  INFO 17612 --- [xmpp] [http-nio-8080-exec-7] c.xmpp.demo.controller.XMPPController    : Retrieving messages for user: alv21188-test3@alumchat.lol
2024-08-21T10:22:57.800-06:00  INFO 17612 --- [xmpp] [http-nio-8080-exec-7] c.xmpp.demo.controller.XMPPController    : Messages for user alv21188-test3@alumchat.lol: [com.xmpp.demo.controller.MessageXMPP@6a0b105b, com.xmpp.demo.controller.MessageXMPP@5386fd3e]
2024-08-21T10:22:57.802-06:00  INFO 17612 --- [xmpp] [http-nio-8080-exec-7] c.xmpp.demo.controller.XMPPController    : MyMessages: []
2024-08-21T10:23:13.563-06:00  INFO 17612 --- [xmpp] [http-nio-8080-exec-8] c.xmpp.demo.controller.XMPPController    : Received disconnect request for user: alv21188-test3@alumchat.lol
2024-08-21T10:23:13.564-06:00  INFO 17612 --- [xmpp] [http-nio-8080-exec-8] c.xmpp.demo.controller.XMPPController    : Connection: XMPPTCPConnection[alv21188-test3@alumchat.lol/b8b125f7-5561-4cbd-8eeb-bf24f3c9e3e7] (9)
2024-08-21T10:23:13.565-06:00  INFO 17612 --- [xmpp] [http-nio-8080-exec-8] c.xmpp.demo.controller.XMPPController    : Connection found for user: alv21188-test3@alumchat.lol
2024-08-21T10:23:13.637-06:00  INFO 17612 --- [xmpp] [http-nio-8080-exec-8] c.xmpp.demo.controller.XMPPController    : User alv21188-test3@alumchat.lol disconnected successfully
2024-08-21T10:23:16.979-06:00  INFO 17612 --- [xmpp] [http-nio-8080-exec-9] c.xmpp.demo.controller.XMPPController    : Username: alv21188-gajim
2024-08-21T10:23:16.979-06:00  INFO 17612 --- [xmpp] [http-nio-8080-exec-9] c.xmpp.demo.controller.XMPPController    : Password: 31dic2002
2024-08-21T10:23:17.453-06:00  INFO 17612 --- [xmpp] [http-nio-8080-exec-9] c.xmpp.demo.controller.XMPPController    : Connection stored in session: XMPPTCPConnection[alv21188-gajim@alumchat.lol/dc827872-7ce6-4986-a771-c4507b92af20] (10)
2024-08-21T10:23:17.455-06:00  INFO 17612 --- [xmpp] [http-nio-8080-exec-9] c.xmpp.demo.controller.XMPPController    : ChatManager initialized for connection: XMPPTCPConnection[alv21188-gajim@alumchat.lol/dc827872-7ce6-4986-a771-c4507b92af20] (10)
2024-08-21T10:23:17.456-06:00  INFO 17612 --- [xmpp] [http-nio-8080-exec-9] c.xmpp.demo.controller.XMPPController    : Incoming message listener added to ChatManager
2024-08-21T10:23:19.029-06:00  INFO 17612 --- [xmpp] [http-nio-8080-exec-10] c.xmpp.demo.controller.XMPPController    : Este es: alv21188-gajim@alumchat.lol
2024-08-21T10:23:19.041-06:00  INFO 17612 --- [xmpp] [http-nio-8080-exec-10] c.xmpp.demo.controller.XMPPController    : Retrieving messages for user: alv21188-gajim@alumchat.lol
2024-08-21T10:23:19.043-06:00  INFO 17612 --- [xmpp] [http-nio-8080-exec-10] c.xmpp.demo.controller.XMPPController    : Messages for user alv21188-gajim@alumchat.lol: [com.xmpp.demo.controller.MessageXMPP@19de1a8b, com.xmpp.demo.controller.MessageXMPP@4dcaf77c]
2024-08-21T10:23:20.120-06:00  INFO 17612 --- [xmpp] [http-nio-8080-exec-1] c.xmpp.demo.controller.XMPPController    : Este es: alv21188-gajim@alumchat.lol
2024-08-21T10:23:20.121-06:00  INFO 17612 --- [xmpp] [http-nio-8080-exec-1] c.xmpp.demo.controller.XMPPController    : Retrieving messages for user: alv21188-gajim@alumchat.lol
2024-08-21T10:23:20.122-06:00  INFO 17612 --- [xmpp] [http-nio-8080-exec-1] c.xmpp.demo.controller.XMPPController    : Messages for user alv21188-gajim@alumchat.lol: [com.xmpp.demo.controller.MessageXMPP@19de1a8b, com.xmpp.demo.controller.MessageXMPP@4dcaf77c]
2024-08-21T10:23:20.123-06:00  INFO 17612 --- [xmpp] [http-nio-8080-exec-1] c.xmpp.demo.controller.XMPPController    : MyMessages: [com.xmpp.demo.controller.MessageXMPP@4dcaf77c]
2024-08-21T10:23:38.428-06:00  INFO 17612 --- [xmpp] [http-nio-8080-exec-3] c.x.demo.controller.ContactController    : Getting contacts for: alv21188-gajim@alumchat.lol
2024-08-21T10:23:49.230-06:00  INFO 17612 --- [xmpp] [http-nio-8080-exec-2] c.x.demo.controller.ContactController    : Getting contacts for: alv21188-gajim@alumchat.lol
2024-08-21T10:23:58.816-06:00  INFO 17612 --- [xmpp] [http-nio-8080-exec-4] c.x.demo.controller.ContactController    : Getting contacts for: alv21188-gajim@alumchat.lol
2024-08-21T10:23:59.418-06:00  INFO 17612 --- [xmpp] [http-nio-8080-exec-5] c.xmpp.demo.controller.XMPPController    : Este es: alv21188-gajim@alumchat.lol
2024-08-21T10:23:59.421-06:00  INFO 17612 --- [xmpp] [http-nio-8080-exec-5] c.xmpp.demo.controller.XMPPController    : Retrieving messages for user: alv21188-gajim@alumchat.lol
2024-08-21T10:23:59.421-06:00  INFO 17612 --- [xmpp] [http-nio-8080-exec-5] c.xmpp.demo.controller.XMPPController    : Messages for user alv21188-gajim@alumchat.lol: [com.xmpp.demo.controller.MessageXMPP@19de1a8b, com.xmpp.demo.controller.MessageXMPP@4dcaf77c]
2024-08-21T10:24:01.547-06:00  INFO 17612 --- [xmpp] [http-nio-8080-exec-6] c.x.demo.controller.ContactController    : Getting contacts for: alv21188-gajim@alumchat.lol
2024-08-21T10:24:03.963-06:00  INFO 17612 --- [xmpp] [http-nio-8080-exec-7] c.xmpp.demo.controller.XMPPController    : Este es: alv21188-gajim@alumchat.lol
2024-08-21T10:24:03.963-06:00  INFO 17612 --- [xmpp] [http-nio-8080-exec-7] c.xmpp.demo.controller.XMPPController    : Retrieving messages for user: alv21188-gajim@alumchat.lol
2024-08-21T10:24:03.965-06:00  INFO 17612 --- [xmpp] [http-nio-8080-exec-7] c.xmpp.demo.controller.XMPPController    : Messages for user alv21188-gajim@alumchat.lol: [com.xmpp.demo.controller.MessageXMPP@19de1a8b, com.xmpp.demo.controller.MessageXMPP@4dcaf77c]
2024-08-21T10:24:03.965-06:00  INFO 17612 --- [xmpp] [http-nio-8080-exec-7] c.xmpp.demo.controller.XMPPController    : MyMessages: []
2024-08-21T10:24:11.859-06:00  INFO 17612 --- [xmpp] [http-nio-8080-exec-8] c.xmpp.demo.controller.XMPPController    : Message sent from alv21188-gajim@alumchat.lol to gue21008test1@alumchat.lol: hola
2024-08-21T10:24:25.999-06:00  INFO 17612 --- [xmpp] [http-nio-8080-exec-9] c.xmpp.demo.controller.XMPPController    : Received disconnect request for user: alv21188-gajim@alumchat.lol
2024-08-21T10:24:25.999-06:00  INFO 17612 --- [xmpp] [http-nio-8080-exec-9] c.xmpp.demo.controller.XMPPController    : Connection: XMPPTCPConnection[alv21188-gajim@alumchat.lol/dc827872-7ce6-4986-a771-c4507b92af20] (10)
2024-08-21T10:24:26.000-06:00  INFO 17612 --- [xmpp] [http-nio-8080-exec-9] c.xmpp.demo.controller.XMPPController    : Connection found for user: alv21188-gajim@alumchat.lol
2024-08-21T10:24:26.067-06:00  INFO 17612 --- [xmpp] [http-nio-8080-exec-9] c.xmpp.demo.controller.XMPPController    : User alv21188-gajim@alumchat.lol disconnected successfully
2024-08-21T10:27:33.251-06:00  INFO 17612 --- [xmpp] [http-nio-8080-exec-1] c.xmpp.demo.controller.XMPPController    : Username: alv21188-gajim
2024-08-21T10:27:33.255-06:00  INFO 17612 --- [xmpp] [http-nio-8080-exec-1] c.xmpp.demo.controller.XMPPController    : Password: 31dic2002
2024-08-21T10:27:33.753-06:00  INFO 17612 --- [xmpp] [http-nio-8080-exec-1] c.xmpp.demo.controller.XMPPController    : Connection stored in session: XMPPTCPConnection[alv21188-gajim@alumchat.lol/d5dd3d1c-848a-4fca-98b9-9aad94dec9c3] (11)
2024-08-21T10:27:33.755-06:00  INFO 17612 --- [xmpp] [http-nio-8080-exec-1] c.xmpp.demo.controller.XMPPController    : ChatManager initialized for connection: XMPPTCPConnection[alv21188-gajim@alumchat.lol/d5dd3d1c-848a-4fca-98b9-9aad94dec9c3] (11)
2024-08-21T10:27:33.756-06:00  INFO 17612 --- [xmpp] [http-nio-8080-exec-1] c.xmpp.demo.controller.XMPPController    : Incoming message listener added to ChatManager
2024-08-21T10:27:40.120-06:00  INFO 17612 --- [xmpp] [http-nio-8080-exec-3] c.xmpp.demo.controller.XMPPController    : Este es: alv21188-gajim@alumchat.lol
2024-08-21T10:27:40.141-06:00  INFO 17612 --- [xmpp] [http-nio-8080-exec-3] c.xmpp.demo.controller.XMPPController    : Retrieving messages for user: alv21188-gajim@alumchat.lol
2024-08-21T10:27:40.142-06:00  INFO 17612 --- [xmpp] [http-nio-8080-exec-3] c.xmpp.demo.controller.XMPPController    : Messages for user alv21188-gajim@alumchat.lol: [com.xmpp.demo.controller.MessageXMPP@19de1a8b, com.xmpp.demo.controller.MessageXMPP@4dcaf77c, com.xmpp.demo.controller.MessageXMPP@258d210f]
2024-08-21T10:27:57.596-06:00  INFO 17612 --- [xmpp] [http-nio-8080-exec-2] c.xmpp.demo.controller.XMPPController    : Este es: alv21188-gajim@alumchat.lol
2024-08-21T10:27:57.598-06:00  INFO 17612 --- [xmpp] [http-nio-8080-exec-2] c.xmpp.demo.controller.XMPPController    : Retrieving messages for user: alv21188-gajim@alumchat.lol
2024-08-21T10:27:57.598-06:00  INFO 17612 --- [xmpp] [http-nio-8080-exec-2] c.xmpp.demo.controller.XMPPController    : Messages for user alv21188-gajim@alumchat.lol: [com.xmpp.demo.controller.MessageXMPP@19de1a8b, com.xmpp.demo.controller.MessageXMPP@4dcaf77c, com.xmpp.demo.controller.MessageXMPP@258d210f]
2024-08-21T10:28:00.037-06:00  INFO 17612 --- [xmpp] [http-nio-8080-exec-4] c.x.demo.controller.ContactController    : Getting contacts for: alv21188-gajim@alumchat.lol
2024-08-21T10:28:04.971-06:00  INFO 17612 --- [xmpp] [http-nio-8080-exec-5] c.xmpp.demo.controller.XMPPController    : Este es: alv21188-gajim@alumchat.lol
2024-08-21T10:28:04.978-06:00  INFO 17612 --- [xmpp] [http-nio-8080-exec-5] c.xmpp.demo.controller.XMPPController    : Retrieving messages for user: alv21188-gajim@alumchat.lol
2024-08-21T10:28:04.979-06:00  INFO 17612 --- [xmpp] [http-nio-8080-exec-5] c.xmpp.demo.controller.XMPPController    : Messages for user alv21188-gajim@alumchat.lol: [com.xmpp.demo.controller.MessageXMPP@19de1a8b, com.xmpp.demo.controller.MessageXMPP@4dcaf77c, com.xmpp.demo.controller.MessageXMPP@258d210f]
2024-08-21T10:28:04.984-06:00  INFO 17612 --- [xmpp] [http-nio-8080-exec-5] c.xmpp.demo.controller.XMPPController    : MyMessages: []
2024-08-21T10:28:12.072-06:00  INFO 17612 --- [xmpp] [http-nio-8080-exec-6] c.xmpp.demo.controller.XMPPController    : Message sent from alv21188-gajim@alumchat.lol to alv21188-test@alumchat.lol: Quee
2024-08-21T10:28:30.243-06:00  INFO 17612 --- [xmpp] [http-nio-8080-exec-7] c.xmpp.demo.controller.XMPPController    : Este es: alv21188-gajim@alumchat.lol
2024-08-21T10:28:30.243-06:00  INFO 17612 --- [xmpp] [http-nio-8080-exec-7] c.xmpp.demo.controller.XMPPController    : Retrieving messages for user: alv21188-gajim@alumchat.lol
2024-08-21T10:28:30.244-06:00  INFO 17612 --- [xmpp] [http-nio-8080-exec-7] c.xmpp.demo.controller.XMPPController    : Messages for user alv21188-gajim@alumchat.lol: [com.xmpp.demo.controller.MessageXMPP@19de1a8b, com.xmpp.demo.controller.MessageXMPP@4dcaf77c, com.xmpp.demo.controller.MessageXMPP@258d210f, com.xmpp.demo.controller.MessageXMPP@d746f33]
2024-08-21T10:28:33.481-06:00  INFO 17612 --- [xmpp] [http-nio-8080-exec-8] c.x.demo.controller.ContactController    : Getting contacts for: alv21188-gajim@alumchat.lol
2024-08-21T10:28:34.120-06:00  INFO 17612 --- [xmpp] [http-nio-8080-exec-9] c.xmpp.demo.controller.XMPPController    : Este es: alv21188-gajim@alumchat.lol
2024-08-21T10:28:34.120-06:00  INFO 17612 --- [xmpp] [http-nio-8080-exec-9] c.xmpp.demo.controller.XMPPController    : Retrieving messages for user: alv21188-gajim@alumchat.lol
2024-08-21T10:28:34.121-06:00  INFO 17612 --- [xmpp] [http-nio-8080-exec-9] c.xmpp.demo.controller.XMPPController    : Messages for user alv21188-gajim@alumchat.lol: [com.xmpp.demo.controller.MessageXMPP@19de1a8b, com.xmpp.demo.controller.MessageXMPP@4dcaf77c, com.xmpp.demo.controller.MessageXMPP@258d210f, com.xmpp.demo.controller.MessageXMPP@d746f33]
2024-08-21T10:28:35.513-06:00  INFO 17612 --- [xmpp] [http-nio-8080-exec-10] c.xmpp.demo.controller.XMPPController    : Este es: alv21188-gajim@alumchat.lol
2024-08-21T10:28:35.514-06:00  INFO 17612 --- [xmpp] [http-nio-8080-exec-10] c.xmpp.demo.controller.XMPPController    : Retrieving messages for user: alv21188-gajim@alumchat.lol
2024-08-21T10:28:35.514-06:00  INFO 17612 --- [xmpp] [http-nio-8080-exec-10] c.xmpp.demo.controller.XMPPController    : Messages for user alv21188-gajim@alumchat.lol: [com.xmpp.demo.controller.MessageXMPP@19de1a8b, com.xmpp.demo.controller.MessageXMPP@4dcaf77c, com.xmpp.demo.controller.MessageXMPP@258d210f, com.xmpp.demo.controller.MessageXMPP@d746f33]
2024-08-21T10:28:46.962-06:00  INFO 17612 --- [xmpp] [http-nio-8080-exec-1] c.xmpp.demo.controller.XMPPController    : Received disconnect request for user: alv21188-gajim@alumchat.lol
2024-08-21T10:28:46.974-06:00  INFO 17612 --- [xmpp] [http-nio-8080-exec-1] c.xmpp.demo.controller.XMPPController    : Connection: XMPPTCPConnection[alv21188-gajim@alumchat.lol/d5dd3d1c-848a-4fca-98b9-9aad94dec9c3] (11)
2024-08-21T10:28:46.978-06:00  INFO 17612 --- [xmpp] [http-nio-8080-exec-1] c.xmpp.demo.controller.XMPPController    : Connection found for user: alv21188-gajim@alumchat.lol
2024-08-21T10:28:47.063-06:00  INFO 17612 --- [xmpp] [http-nio-8080-exec-1] c.xmpp.demo.controller.XMPPController    : User alv21188-gajim@alumchat.lol disconnected successfully
2024-08-21T10:28:52.403-06:00  INFO 17612 --- [xmpp] [http-nio-8080-exec-3] c.xmpp.demo.controller.XMPPController    : Username: alv21188-test3
2024-08-21T10:28:52.403-06:00  INFO 17612 --- [xmpp] [http-nio-8080-exec-3] c.xmpp.demo.controller.XMPPController    : Password: 31dic2002
2024-08-21T10:28:52.881-06:00  INFO 17612 --- [xmpp] [http-nio-8080-exec-3] c.xmpp.demo.controller.XMPPController    : Connection stored in session: XMPPTCPConnection[alv21188-test3@alumchat.lol/a76258ee-e491-4b0f-b81e-0df9717676f9] (12)
2024-08-21T10:28:52.882-06:00  INFO 17612 --- [xmpp] [http-nio-8080-exec-3] c.xmpp.demo.controller.XMPPController    : ChatManager initialized for connection: XMPPTCPConnection[alv21188-test3@alumchat.lol/a76258ee-e491-4b0f-b81e-0df9717676f9] (12)
2024-08-21T10:28:52.882-06:00  INFO 17612 --- [xmpp] [http-nio-8080-exec-3] c.xmpp.demo.controller.XMPPController    : Incoming message listener added to ChatManager
2024-08-21T10:28:52.897-06:00  INFO 17612 --- [xmpp] [http-nio-8080-exec-2] c.xmpp.demo.controller.XMPPController    : Received disconnect request for user: alv21188-test3@alumchat.lol
2024-08-21T10:28:52.917-06:00  INFO 17612 --- [xmpp] [http-nio-8080-exec-2] c.xmpp.demo.controller.XMPPController    : Connection: XMPPTCPConnection[alv21188-test3@alumchat.lol/a76258ee-e491-4b0f-b81e-0df9717676f9] (12)
2024-08-21T10:28:52.920-06:00  INFO 17612 --- [xmpp] [http-nio-8080-exec-2] c.xmpp.demo.controller.XMPPController    : Connection found for user: alv21188-test3@alumchat.lol
2024-08-21T10:28:53.013-06:00  INFO 17612 --- [xmpp] [http-nio-8080-exec-2] c.xmpp.demo.controller.XMPPController    : User alv21188-test3@alumchat.lol disconnected successfully
2024-08-21T10:28:59.421-06:00  INFO 17612 --- [xmpp] [http-nio-8080-exec-4] c.xmpp.demo.controller.XMPPController    : Username: alv21188-test3
2024-08-21T10:28:59.427-06:00  INFO 17612 --- [xmpp] [http-nio-8080-exec-4] c.xmpp.demo.controller.XMPPController    : Password: 31dic2002
2024-08-21T10:28:59.917-06:00  INFO 17612 --- [xmpp] [http-nio-8080-exec-4] c.xmpp.demo.controller.XMPPController    : Connection stored in session: XMPPTCPConnection[alv21188-test3@alumchat.lol/b66d4fae-604e-4113-8b5c-54f60a784eb8] (13)
2024-08-21T10:28:59.920-06:00  INFO 17612 --- [xmpp] [http-nio-8080-exec-4] c.xmpp.demo.controller.XMPPController    : ChatManager initialized for connection: XMPPTCPConnection[alv21188-test3@alumchat.lol/b66d4fae-604e-4113-8b5c-54f60a784eb8] (13)
2024-08-21T10:28:59.920-06:00  INFO 17612 --- [xmpp] [http-nio-8080-exec-4] c.xmpp.demo.controller.XMPPController    : Incoming message listener added to ChatManager
2024-08-21T10:29:02.131-06:00  INFO 17612 --- [xmpp] [http-nio-8080-exec-5] c.x.demo.controller.ContactController    : Getting contacts for: alv21188-test3@alumchat.lol
2024-08-21T10:29:54.944-06:00  INFO 17612 --- [xmpp] [http-nio-8080-exec-6] c.xmpp.demo.controller.XMPPController    : Received disconnect request for user: alv21188-test3@alumchat.lol
2024-08-21T10:29:54.947-06:00  INFO 17612 --- [xmpp] [http-nio-8080-exec-6] c.xmpp.demo.controller.XMPPController    : Connection: XMPPTCPConnection[alv21188-test3@alumchat.lol/b66d4fae-604e-4113-8b5c-54f60a784eb8] (13)
2024-08-21T10:29:54.955-06:00  INFO 17612 --- [xmpp] [http-nio-8080-exec-6] c.xmpp.demo.controller.XMPPController    : Connection found for user: alv21188-test3@alumchat.lol
2024-08-21T10:29:55.033-06:00  INFO 17612 --- [xmpp] [http-nio-8080-exec-6] c.xmpp.demo.controller.XMPPController    : User alv21188-test3@alumchat.lol disconnected successfully
2024-08-21T10:30:03.700-06:00  INFO 17612 --- [xmpp] [http-nio-8080-exec-7] c.xmpp.demo.controller.XMPPController    : Username: alv21188-test2
2024-08-21T10:30:03.700-06:00  INFO 17612 --- [xmpp] [http-nio-8080-exec-7] c.xmpp.demo.controller.XMPPController    : Password: 31dic2002
2024-08-21T10:30:04.170-06:00  INFO 17612 --- [xmpp] [http-nio-8080-exec-7] c.xmpp.demo.controller.XMPPController    : Connection stored in session: XMPPTCPConnection[alv21188-test2@alumchat.lol/e520cd9a-993f-4681-9171-49ba16f524fa] (14)
2024-08-21T10:30:04.170-06:00  INFO 17612 --- [xmpp] [http-nio-8080-exec-7] c.xmpp.demo.controller.XMPPController    : ChatManager initialized for connection: XMPPTCPConnection[alv21188-test2@alumchat.lol/e520cd9a-993f-4681-9171-49ba16f524fa] (14)
2024-08-21T10:30:04.171-06:00  INFO 17612 --- [xmpp] [http-nio-8080-exec-7] c.xmpp.demo.controller.XMPPController    : Incoming message listener added to ChatManager
2024-08-21T10:30:05.143-06:00  INFO 17612 --- [xmpp] [http-nio-8080-exec-8] c.x.demo.controller.ContactController    : Getting contacts for: alv21188-test2@alumchat.lol
2024-08-21T10:32:16.107-06:00  INFO 17612 --- [xmpp] [http-nio-8080-exec-2] c.xmpp.demo.controller.XMPPController    : Username: alv21188-test2
2024-08-21T10:32:16.108-06:00  INFO 17612 --- [xmpp] [http-nio-8080-exec-2] c.xmpp.demo.controller.XMPPController    : Password: 31dic2002
2024-08-21T10:32:16.575-06:00  INFO 17612 --- [xmpp] [http-nio-8080-exec-2] c.xmpp.demo.controller.XMPPController    : Connection stored in session: XMPPTCPConnection[alv21188-test2@alumchat.lol/1417e164-b1fd-4f61-989b-560af528047c] (15)
2024-08-21T10:32:16.576-06:00  INFO 17612 --- [xmpp] [http-nio-8080-exec-2] c.xmpp.demo.controller.XMPPController    : ChatManager initialized for connection: XMPPTCPConnection[alv21188-test2@alumchat.lol/1417e164-b1fd-4f61-989b-560af528047c] (15)
2024-08-21T10:32:16.576-06:00  INFO 17612 --- [xmpp] [http-nio-8080-exec-2] c.xmpp.demo.controller.XMPPController    : Incoming message listener added to ChatManager
2024-08-21T10:32:18.999-06:00  INFO 17612 --- [xmpp] [http-nio-8080-exec-4] c.x.demo.controller.ContactController    : Getting contacts for: alv21188-test2@alumchat.lol
2024-08-21T10:32:39.866-06:00  INFO 17612 --- [xmpp] [http-nio-8080-exec-5] c.xmpp.demo.controller.XMPPController    : Received disconnect request for user: alv21188-test2@alumchat.lol
2024-08-21T10:32:39.921-06:00  INFO 17612 --- [xmpp] [http-nio-8080-exec-5] c.xmpp.demo.controller.XMPPController    : Connection: XMPPTCPConnection[alv21188-test2@alumchat.lol/1417e164-b1fd-4f61-989b-560af528047c] (15)
2024-08-21T10:32:39.924-06:00  INFO 17612 --- [xmpp] [http-nio-8080-exec-5] c.xmpp.demo.controller.XMPPController    : Connection found for user: alv21188-test2@alumchat.lol
2024-08-21T10:32:40.007-06:00  INFO 17612 --- [xmpp] [http-nio-8080-exec-5] c.xmpp.demo.controller.XMPPController    : User alv21188-test2@alumchat.lol disconnected successfully
2024-08-21T10:38:58.804-06:00  INFO 17612 --- [xmpp] [http-nio-8080-exec-7] c.xmpp.demo.controller.XMPPController    : Username: alv21188-test2
2024-08-21T10:38:58.805-06:00  INFO 17612 --- [xmpp] [http-nio-8080-exec-7] c.xmpp.demo.controller.XMPPController    : Password: 31dic2002
2024-08-21T10:38:59.296-06:00  INFO 17612 --- [xmpp] [http-nio-8080-exec-7] c.xmpp.demo.controller.XMPPController    : Connection stored in session: XMPPTCPConnection[alv21188-test2@alumchat.lol/a4b325db-ada0-4100-93b8-1ce9d64106d4] (16)
2024-08-21T10:38:59.298-06:00  INFO 17612 --- [xmpp] [http-nio-8080-exec-7] c.xmpp.demo.controller.XMPPController    : ChatManager initialized for connection: XMPPTCPConnection[alv21188-test2@alumchat.lol/a4b325db-ada0-4100-93b8-1ce9d64106d4] (16)
2024-08-21T10:38:59.298-06:00  INFO 17612 --- [xmpp] [http-nio-8080-exec-7] c.xmpp.demo.controller.XMPPController    : Incoming message listener added to ChatManager
2024-08-21T10:39:02.710-06:00  INFO 17612 --- [xmpp] [http-nio-8080-exec-8] c.xmpp.demo.controller.XMPPController    : Este es: alv21188-test2@alumchat.lol
2024-08-21T10:39:02.712-06:00  INFO 17612 --- [xmpp] [http-nio-8080-exec-8] c.xmpp.demo.controller.XMPPController    : Retrieving messages for user: alv21188-test2@alumchat.lol
2024-08-21T10:39:02.714-06:00  INFO 17612 --- [xmpp] [http-nio-8080-exec-8] c.xmpp.demo.controller.XMPPController    : Messages for user alv21188-test2@alumchat.lol: [com.xmpp.demo.controller.MessageXMPP@44a04eea, com.xmpp.demo.controller.MessageXMPP@19de1a8b, com.xmpp.demo.controller.MessageXMPP@4dcaf77c, com.xmpp.demo.controller.MessageXMPP@6a0b105b, com.xmpp.demo.controller.MessageXMPP@5386fd3e]
2024-08-21T10:39:10.994-06:00  INFO 17612 --- [xmpp] [http-nio-8080-exec-9] c.xmpp.demo.controller.XMPPController    : Received disconnect request for user: alv21188-test2@alumchat.lol
2024-08-21T10:39:11.000-06:00  INFO 17612 --- [xmpp] [http-nio-8080-exec-9] c.xmpp.demo.controller.XMPPController    : Connection: XMPPTCPConnection[alv21188-test2@alumchat.lol/a4b325db-ada0-4100-93b8-1ce9d64106d4] (16)
2024-08-21T10:39:11.000-06:00  INFO 17612 --- [xmpp] [http-nio-8080-exec-9] c.xmpp.demo.controller.XMPPController    : Connection found for user: alv21188-test2@alumchat.lol
2024-08-21T10:39:11.071-06:00  INFO 17612 --- [xmpp] [http-nio-8080-exec-9] c.xmpp.demo.controller.XMPPController    : User alv21188-test2@alumchat.lol disconnected successfully
2024-08-21T10:39:17.767-06:00  INFO 17612 --- [xmpp] [http-nio-8080-exec-10] c.xmpp.demo.controller.XMPPController    : Username: alv21188-test2
2024-08-21T10:39:17.769-06:00  INFO 17612 --- [xmpp] [http-nio-8080-exec-10] c.xmpp.demo.controller.XMPPController    : Password: 31dic2002
2024-08-21T10:39:18.248-06:00  INFO 17612 --- [xmpp] [http-nio-8080-exec-10] c.xmpp.demo.controller.XMPPController    : Connection stored in session: XMPPTCPConnection[alv21188-test2@alumchat.lol/f445c47e-71b7-4297-8fdc-409b2043ac6f] (17)
2024-08-21T10:39:18.249-06:00  INFO 17612 --- [xmpp] [http-nio-8080-exec-10] c.xmpp.demo.controller.XMPPController    : ChatManager initialized for connection: XMPPTCPConnection[alv21188-test2@alumchat.lol/f445c47e-71b7-4297-8fdc-409b2043ac6f] (17)
2024-08-21T10:39:18.250-06:00  INFO 17612 --- [xmpp] [http-nio-8080-exec-10] c.xmpp.demo.controller.XMPPController    : Incoming message listener added to ChatManager
2024-08-21T10:39:19.377-06:00  INFO 17612 --- [xmpp] [http-nio-8080-exec-1] c.x.demo.controller.ContactController    : Getting contacts for: alv21188-test2@alumchat.lol
2024-08-21T10:39:30.003-06:00  INFO 17612 --- [xmpp] [http-nio-8080-exec-3] c.xmpp.demo.controller.XMPPController    : Este es: alv21188-test2@alumchat.lol
2024-08-21T10:39:30.006-06:00  INFO 17612 --- [xmpp] [http-nio-8080-exec-3] c.xmpp.demo.controller.XMPPController    : Retrieving messages for user: alv21188-test2@alumchat.lol
2024-08-21T10:39:30.022-06:00  INFO 17612 --- [xmpp] [http-nio-8080-exec-3] c.xmpp.demo.controller.XMPPController    : Messages for user alv21188-test2@alumchat.lol: [com.xmpp.demo.controller.MessageXMPP@44a04eea, com.xmpp.demo.controller.MessageXMPP@19de1a8b, com.xmpp.demo.controller.MessageXMPP@4dcaf77c, com.xmpp.demo.controller.MessageXMPP@6a0b105b, com.xmpp.demo.controller.MessageXMPP@5386fd3e]
2024-08-21T10:43:07.328-06:00  INFO 17612 --- [xmpp] [File Watcher] rtingClassPathChangeChangedEventListener : Restarting due to 2 class path changes (0 additions, 0 deletions, 2 modifications)
2024-08-21T10:43:08.569-06:00  INFO 17612 --- [xmpp] [restartedMain] com.xmpp.demo.XmppApplication            : Starting XmppApplication using Java 22.0.1 with PID 17612 (C:\Users\Kristopher\Documents\S8\Redes\Eclipse-Workspace\Redes-XMPP_Server\bin\main started by Kristopher in C:\Users\Kristopher\Documents\S8\Redes\Eclipse-Workspace\Redes-XMPP_Server)
2024-08-21T10:43:08.583-06:00  INFO 17612 --- [xmpp] [restartedMain] com.xmpp.demo.XmppApplication            : No active profile set, falling back to 1 default profile: "default"
2024-08-21T10:43:10.122-06:00  INFO 17612 --- [xmpp] [restartedMain] o.s.b.w.embedded.tomcat.TomcatWebServer  : Tomcat initialized with port 8080 (http)
2024-08-21T10:43:10.151-06:00  INFO 17612 --- [xmpp] [restartedMain] o.apache.catalina.core.StandardService   : Starting service [Tomcat]
2024-08-21T10:43:10.199-06:00  INFO 17612 --- [xmpp] [restartedMain] o.apache.catalina.core.StandardEngine    : Starting Servlet engine: [Apache Tomcat/10.1.26]
2024-08-21T10:43:10.562-06:00  INFO 17612 --- [xmpp] [restartedMain] o.a.c.c.C.[Tomcat].[localhost].[/]       : Initializing Spring embedded WebApplicationContext
2024-08-21T10:43:10.563-06:00  INFO 17612 --- [xmpp] [restartedMain] w.s.c.ServletWebServerApplicationContext : Root WebApplicationContext: initialization completed in 1904 ms
2024-08-21T10:43:11.319-06:00  INFO 17612 --- [xmpp] [restartedMain] o.s.b.d.a.OptionalLiveReloadServer       : LiveReload server is running on port 35729
2024-08-21T10:43:11.617-06:00  INFO 17612 --- [xmpp] [restartedMain] o.s.b.w.embedded.tomcat.TomcatWebServer  : Tomcat started on port 8080 (http) with context path '/'
2024-08-21T10:43:12.053-06:00  INFO 17612 --- [xmpp] [restartedMain] com.xmpp.demo.XmppApplication            : Started XmppApplication in 4.28 seconds (process running for 8600.356)
2024-08-21T10:43:12.133-06:00  INFO 17612 --- [xmpp] [restartedMain] .ConditionEvaluationDeltaLoggingListener : Condition evaluation unchanged
2024-08-21T10:43:18.568-06:00  INFO 17612 --- [xmpp] [File Watcher] rtingClassPathChangeChangedEventListener : Restarting due to 1 class path change (0 additions, 0 deletions, 1 modification)
2024-08-21T10:43:18.748-06:00  INFO 17612 --- [xmpp] [restartedMain] com.xmpp.demo.XmppApplication            : Starting XmppApplication using Java 22.0.1 with PID 17612 (C:\Users\Kristopher\Documents\S8\Redes\Eclipse-Workspace\Redes-XMPP_Server\bin\main started by Kristopher in C:\Users\Kristopher\Documents\S8\Redes\Eclipse-Workspace\Redes-XMPP_Server)
2024-08-21T10:43:18.753-06:00  INFO 17612 --- [xmpp] [restartedMain] com.xmpp.demo.XmppApplication            : No active profile set, falling back to 1 default profile: "default"
2024-08-21T10:43:19.523-06:00  INFO 17612 --- [xmpp] [restartedMain] o.s.b.w.embedded.tomcat.TomcatWebServer  : Tomcat initialized with port 8080 (http)
2024-08-21T10:43:19.571-06:00  INFO 17612 --- [xmpp] [restartedMain] o.apache.catalina.core.StandardService   : Starting service [Tomcat]
2024-08-21T10:43:19.624-06:00  INFO 17612 --- [xmpp] [restartedMain] o.apache.catalina.core.StandardEngine    : Starting Servlet engine: [Apache Tomcat/10.1.26]
2024-08-21T10:43:19.707-06:00  INFO 17612 --- [xmpp] [restartedMain] o.a.c.c.C.[Tomcat].[localhost].[/]       : Initializing Spring embedded WebApplicationContext
2024-08-21T10:43:19.722-06:00  INFO 17612 --- [xmpp] [restartedMain] w.s.c.ServletWebServerApplicationContext : Root WebApplicationContext: initialization completed in 960 ms
2024-08-21T10:43:19.988-06:00  INFO 17612 --- [xmpp] [restartedMain] o.s.b.d.a.OptionalLiveReloadServer       : LiveReload server is running on port 35729
2024-08-21T10:43:20.036-06:00  INFO 17612 --- [xmpp] [restartedMain] o.s.b.w.embedded.tomcat.TomcatWebServer  : Tomcat started on port 8080 (http) with context path '/'
2024-08-21T10:43:20.046-06:00  INFO 17612 --- [xmpp] [restartedMain] com.xmpp.demo.XmppApplication            : Started XmppApplication in 1.359 seconds (process running for 8608.348)
2024-08-21T10:43:20.049-06:00  INFO 17612 --- [xmpp] [restartedMain] .ConditionEvaluationDeltaLoggingListener : Condition evaluation unchanged
2024-08-21T10:54:01.913-06:00  INFO 17612 --- [xmpp] [http-nio-8080-exec-3] o.a.c.c.C.[Tomcat].[localhost].[/]       : Initializing Spring DispatcherServlet 'dispatcherServlet'
2024-08-21T10:54:01.915-06:00  INFO 17612 --- [xmpp] [http-nio-8080-exec-3] o.s.web.servlet.DispatcherServlet        : Initializing Servlet 'dispatcherServlet'
2024-08-21T10:54:01.917-06:00  INFO 17612 --- [xmpp] [http-nio-8080-exec-3] o.s.web.servlet.DispatcherServlet        : Completed initialization in 1 ms
2024-08-21T10:54:01.925-06:00  INFO 17612 --- [xmpp] [http-nio-8080-exec-3] c.xmpp.demo.controller.XMPPController    : Username: alv21188-test2
2024-08-21T10:54:01.926-06:00  INFO 17612 --- [xmpp] [http-nio-8080-exec-3] c.xmpp.demo.controller.XMPPController    : Password: 31dic2002
2024-08-21T10:54:02.541-06:00  INFO 17612 --- [xmpp] [http-nio-8080-exec-3] c.xmpp.demo.controller.XMPPController    : Connection stored in session: XMPPTCPConnection[alv21188-test2@alumchat.lol/1c19d7b1-2456-4830-b441-a23bb2decfbc] (18)
2024-08-21T10:54:02.542-06:00  INFO 17612 --- [xmpp] [http-nio-8080-exec-3] c.xmpp.demo.controller.XMPPController    : ChatManager initialized for connection: XMPPTCPConnection[alv21188-test2@alumchat.lol/1c19d7b1-2456-4830-b441-a23bb2decfbc] (18)
2024-08-21T10:54:02.543-06:00  INFO 17612 --- [xmpp] [http-nio-8080-exec-3] c.xmpp.demo.controller.XMPPController    : Incoming message listener added to ChatManager
2024-08-21T10:54:08.143-06:00  INFO 17612 --- [xmpp] [http-nio-8080-exec-2] c.xmpp.demo.controller.XMPPController    : Received disconnect request for user: alv21188-test2@alumchat.lol
2024-08-21T10:54:08.143-06:00  INFO 17612 --- [xmpp] [http-nio-8080-exec-2] c.xmpp.demo.controller.XMPPController    : Connection: XMPPTCPConnection[alv21188-test2@alumchat.lol/1c19d7b1-2456-4830-b441-a23bb2decfbc] (18)
2024-08-21T10:54:08.145-06:00  INFO 17612 --- [xmpp] [http-nio-8080-exec-2] c.xmpp.demo.controller.XMPPController    : Connection found for user: alv21188-test2@alumchat.lol
2024-08-21T10:54:08.217-06:00  INFO 17612 --- [xmpp] [http-nio-8080-exec-2] c.xmpp.demo.controller.XMPPController    : User alv21188-test2@alumchat.lol disconnected successfully
2024-08-21T10:57:16.928-06:00  INFO 17612 --- [xmpp] [http-nio-8080-exec-1] c.xmpp.demo.controller.XMPPController    : Username: alv21188-test2
2024-08-21T10:57:16.930-06:00  INFO 17612 --- [xmpp] [http-nio-8080-exec-1] c.xmpp.demo.controller.XMPPController    : Password: 31dic2002
